<?xml version="1.0" encoding="UTF-8"?>
<testng-results skipped="0" failed="0" total="1" passed="1">
  <reporter-output>
  </reporter-output>
  <suite name="Default suite" duration-ms="18017" started-at="2019-07-03T07:47:08Z" finished-at="2019-07-03T07:47:26Z">
    <groups>
    </groups>
    <test name="Default test" duration-ms="18017" started-at="2019-07-03T07:47:08Z" finished-at="2019-07-03T07:47:26Z">
      <class name="simpleproject.Demo1Test">
        <test-method status="PASS" signature="FirstTest()[pri:0, instance:simpleproject.Demo1Test@9629756]" name="FirstTest" duration-ms="17943" started-at="2019-07-03T13:17:08Z" finished-at="2019-07-03T13:17:26Z">
          <reporter-output>
          </reporter-output>
        </test-method> <!-- FirstTest -->
      </class> <!-- simpleproject.Demo1Test -->
    </test> <!-- Default test -->
  </suite> <!-- Default suite -->
</testng-results>
